NEW REQUEST:
Request line: GET / HTTP/1.1
Client IP: /127.0.0.1
Date: Mon Mar 22 15:22:21 CET 2021
State code: 304

NEW REQUEST:
Request line: GET / HTTP/1.1
Client IP: /127.0.0.1
Date: Mon Mar 22 15:23:05 CET 2021
State code: 304

NEW REQUEST:
Request line: GET / HTTP/1.1
Client IP: /127.0.0.1
Date: Mon Mar 22 15:23:17 CET 2021
State code: 304

NEW REQUEST:
Request line: GET / HTTP/1.1
Client IP: /127.0.0.1
Date: Mon Mar 22 15:28:38 CET 2021
State code: 304
Content-Length: 0

NEW REQUEST:
Request line: GET / aaa
Client IP: /127.0.0.1
Date: Mon Mar 22 20:25:50 CET 2021
State code: 200
Content-Length: 216
NEW REQUEST:
Request line: GET / aaa
Client IP: /127.0.0.1
Date: Mon Mar 22 20:26:44 CET 2021
State code: 304
Content-Length: 0

NEW REQUEST:
Request line: GET / aaa
Client IP: /127.0.0.1
Date: Mon Mar 22 20:30:06 CET 2021
State code: 200
Content-Length: 216
NEW REQUEST:
Request line: GET / aaa
Client IP: /127.0.0.1
Date: Mon Mar 22 20:32:09 CET 2021
State code: 304
Content-Length: 0

NEW REQUEST:
Request line: GET / aaa
Client IP: /127.0.0.1
Date: Mon Mar 22 20:32:35 CET 2021
State code: 200
Content-Length: 216
NEW REQUEST:
Request line: GET / aaa
Client IP: /127.0.0.1
Date: Mon Mar 22 20:32:57 CET 2021
State code: 200
Content-Length: 216
NEW REQUEST:
Request line: GET / aaa
Client IP: /127.0.0.1
Date: Mon Mar 22 20:34:30 CET 2021
State code: 200
Content-Length: 216
NEW REQUEST:
Request line: GET / aaa
Client IP: /127.0.0.1
Date: Mon Mar 22 20:35:26 CET 2021
State code: 200
Content-Length: 216
NEW REQUEST:
Request line: GET / aaa
Client IP: /127.0.0.1
Date: Mon Mar 22 20:42:02 CET 2021
State code: 200
Content-Length: 216
NEW REQUEST:
Request line: GET / aaa
Client IP: /127.0.0.1
Date: Mon Mar 22 20:43:53 CET 2021
State code: 200
Content-Length: 216
NEW REQUEST:
Request line: GET / aaa
Client IP: /127.0.0.1
Date: Mon Mar 22 20:45:43 CET 2021
State code: 200
Content-Length: 216
NEW REQUEST:
Request line: GET / aaa
Client IP: /127.0.0.1
Date: Mon Mar 22 20:47:15 CET 2021
State code: 200
Content-Length: 216
NEW REQUEST:
Request line: GET / aaa
Client IP: /127.0.0.1
Date: Mon Mar 22 20:50:19 CET 2021
State code: 304
Content-Length: 0

NEW REQUEST:
Request line: GET / aaa
Client IP: /127.0.0.1
Date: Mon Mar 22 20:52:02 CET 2021
State code: 200
Content-Length: 216
NEW REQUEST:
Request line: GET / aaa
Client IP: /127.0.0.1
Date: Mon Mar 22 20:56:25 CET 2021
State code: 200
Content-Length: 216
NEW REQUEST:
Request line: GET / aaa
Client IP: /127.0.0.1
Date: Mon Mar 22 20:57:37 CET 2021
State code: 200
Content-Length: 216
NEW REQUEST:
Request line: GET / aaa
Client IP: /127.0.0.1
Date: Mon Mar 22 20:59:10 CET 2021
State code: 200
Content-Length: 216
NEW REQUEST:
Request line: GET / aaa
Client IP: /127.0.0.1
Date: Mon Mar 22 20:59:46 CET 2021
State code: 200
Content-Length: 216
NEW REQUEST:
Request line: GET / aaa
Client IP: /127.0.0.1
Date: Mon Mar 22 21:00:16 CET 2021
State code: 200
Content-Length: 216
NEW REQUEST:
Request line: GET / aaa
Client IP: /127.0.0.1
Date: Mon Mar 22 21:00:54 CET 2021
State code: 200
Content-Length: 216
NEW REQUEST:
Request line: GET / aaa
Client IP: /127.0.0.1
Date: Mon Mar 22 21:02:01 CET 2021
State code: 200
Content-Length: 216
NEW REQUEST:
Request line: GET / aaa
Client IP: /127.0.0.1
Date: Mon Mar 22 21:05:27 CET 2021
State code: 200
Content-Length: 216
NEW REQUEST:
Request line: GET / aaa
Client IP: /127.0.0.1
Date: Mon Mar 22 21:05:46 CET 2021
State code: 304
Content-Length: 0

NEW REQUEST:
Request line: GET / aaa
Client IP: /127.0.0.1
Date: Mon Mar 22 21:06:25 CET 2021
State code: 304
Content-Length: 0

NEW REQUEST:
Request line: GET / aaa
Client IP: /127.0.0.1
Date: Mon Mar 22 21:28:11 CET 2021
State code: 304
Content-Length: 0

NEW REQUEST:
Request line: GET / aaa
Client IP: /127.0.0.1
Date: Mon Mar 22 21:29:16 CET 2021
State code: 304
Content-Length: 0

NEW REQUEST:
Request line: GET / aaa
Client IP: /127.0.0.1
Date: Mon Mar 22 21:29:44 CET 2021
State code: 304
Content-Length: 0

NEW REQUEST:
Request line: GET / aaa
Client IP: /127.0.0.1
Date: Mon Mar 22 21:29:56 CET 2021
State code: 304
Content-Length: 0

NEW REQUEST:
Request line: GET / aaa
Client IP: /127.0.0.1
Date: Mon Mar 22 21:30:08 CET 2021
State code: 304
Content-Length: 0

NEW REQUEST:
Request line: GET / aaa
Client IP: /127.0.0.1
Date: Mon Mar 22 21:31:15 CET 2021
State code: 304
Content-Length: 0

NEW REQUEST:
Request line: GET / aa
Client IP: /127.0.0.1
Date: Mon Mar 22 21:32:35 CET 2021
State code: 200
Content-Length: 216
NEW REQUEST:
Request line: GET / aaa
Client IP: /127.0.0.1
Date: Mon Mar 22 21:33:14 CET 2021
State code: 200
Content-Length: 216
NEW REQUEST:
Request line: GET / aaa
Client IP: /127.0.0.1
Date: Mon Mar 22 21:34:09 CET 2021
State code: 304
Content-Length: 0

NEW REQUEST:
Request line: GET / aaa
Client IP: /127.0.0.1
Date: Mon Mar 22 21:34:47 CET 2021
State code: 304
Content-Length: 0

NEW REQUEST:
Request line: GET /favicon.ico HTTP/1.1
Client IP: /127.0.0.1
Date: Mon Mar 22 21:40:09 CET 2021

NEW REQUEST:
Request line: GET / HTTP/1.1
Client IP: /127.0.0.1
Date: Mon Mar 22 21:40:11 CET 2021
State code: 304
Content-Length: 0

NEW REQUEST:
Request line: GET / HTTP/1.1
Client IP: /127.0.0.1
Date: Mon Mar 22 22:01:20 CET 2021
State code: 304
Content-Length: 0

NEW REQUEST:
Request line: GET /favicon.ico aaaa
Client IP: /127.0.0.1
Date: Mon Mar 22 22:04:37 CET 2021
State code: 200
Content-Length: 894
NEW REQUEST:
Request line: GET /favicon.ico aaaa
Client IP: /127.0.0.1
Date: Mon Mar 22 22:05:27 CET 2021
State code: 200
Content-Length: 894
NEW REQUEST:
Request line: GET / HTTP/1.1
Client IP: /127.0.0.1
Date: Mon Mar 22 22:05:38 CET 2021
State code: 304
Content-Length: 0

NEW REQUEST:
Request line: GET / HTTP/1.1
Client IP: /127.0.0.1
Date: Mon Mar 22 22:07:43 CET 2021
State code: 304
Content-Length: 0

NEW REQUEST:
Request line: GET / HTTP/1.1
Client IP: /127.0.0.1
Date: Mon Mar 22 22:15:04 CET 2021
State code: 304
Content-Length: 0

NEW REQUEST:
Request line: GET / HTTP/1.1
Client IP: /127.0.0.1
Date: Mon Mar 22 22:18:04 CET 2021
State code: 304
Content-Length: 0

NEW REQUEST:
Request line: GET /favicon.ico HTTP/1.1
Client IP: /127.0.0.1
Date: Mon Mar 22 22:19:22 CET 2021

NEW REQUEST:
Request line: GET / HTTP/1.1
Client IP: /127.0.0.1
Date: Mon Mar 22 22:19:32 CET 2021
State code: 304
Content-Length: 0

NEW REQUEST:
Request line: GET /LICENSE.txt HTTP/1.1
Client IP: /127.0.0.1
Date: Mon Mar 22 22:19:55 CET 2021
State code: 304
Content-Length: 0

NEW REQUEST:
Request line: GET /second-iteration.txt HTTP/1.1
Client IP: /127.0.0.1
Date: Mon Mar 22 22:20:48 CET 2021
State code: 200
Content-Length: 70
NEW REQUEST:
Request line: GET /favicon.ico HTTP/1.1
Client IP: /127.0.0.1
Date: Mon Mar 22 22:21:11 CET 2021
State code: 200
Content-Length: 894
NEW REQUEST:
Request line: GET /httptester.jar HTTP/1.1
Client IP: /127.0.0.1
Date: Mon Mar 22 22:26:03 CET 2021
State code: 200
Content-Length: 2099915
NEW REQUEST:
Request line: GET /yourForm.html HTTP/1.1
Client IP: /127.0.0.1
Date: Mon Mar 22 22:32:15 CET 2021
State code: 200
Content-Length: 339
NEW REQUEST:
Request line: GET /greetings.html HTTP/1.1
Client IP: /127.0.0.1
Date: Mon Mar 22 22:34:27 CET 2021
State code: 200
Content-Length: 711
NEW REQUEST:
Request line: GET /yourForm.html HTTP/1.1
Client IP: /127.0.0.1
Date: Mon Mar 22 22:40:42 CET 2021
State code: 200
Content-Length: 576
NEW REQUEST:
Request line: GET /yourForm.html HTTP/1.1
Client IP: /127.0.0.1
Date: Mon Mar 22 23:52:03 CET 2021
State code: 304
Content-Length: 0

NEW REQUEST:
Request line: GET /yourForm.html HTTP/1.1
Client IP: /127.0.0.1
Date: Mon Mar 22 23:53:38 CET 2021
State code: 200
Content-Length: 572
NEW REQUEST:
Request line: GET /YourServlet.do?1number=2&2number=4&operator=sub HTTP/1.1
Client IP: /127.0.0.1
Date: Tue Mar 23 00:00:42 CET 2021
State code: 200
Content-Length: 208

NEW REQUEST:
Request line: GET /YourServlet.do?1number=3&2number=4&operator=mul HTTP/1.1
Client IP: /127.0.0.1
Date: Tue Mar 23 00:00:57 CET 2021
State code: 200
Content-Length: 208

NEW REQUEST:
Request line: GET / aaaa
Client IP: /127.0.0.1
Date: Tue Mar 23 12:06:56 CET 2021
State code: 200
Content-Length: 216
NEW REQUEST:
Request line: GET / aaaaaa
Client IP: /127.0.0.1
Date: Tue Mar 23 12:07:48 CET 2021
State code: 200
Content-Length: 216
NEW REQUEST:
Request line: HEAD / aaaa
Client IP: /127.0.0.1
Date: Tue Mar 23 12:08:03 CET 2021
State code: 200
Content-Length: 216
NEW REQUEST:
Request line: GET / HTTP/1.1
Client IP: /127.0.0.1
Date: Tue Mar 23 12:09:49 CET 2021
State code: 304
Content-Length: 0

NEW REQUEST:
Request line: null
Client IP: /127.0.0.1
Date: Tue Mar 23 12:09:56 CET 2021

NEW REQUEST:
Request line: GET /yourForm.html HTTP/1.1
Client IP: /127.0.0.1
Date: Tue Mar 23 12:11:44 CET 2021
State code: 200
Content-Length: 572
NEW REQUEST:
Request line: GET /YourServlet.do?1number=20&2number=2&operator=mul HTTP/1.1
Client IP: /127.0.0.1
Date: Tue Mar 23 12:12:05 CET 2021
State code: 200
Content-Length: 208

NEW REQUEST:
Request line: GET /favicon.ico HTTP/1.1
Client IP: /127.0.0.1
Date: Tue Mar 23 12:13:18 CET 2021

