

NEW REQUEST:
Request line: null
Client IP: /127.0.0.1
Date: Mon Mar 22 22:19:54 CET 2021

NEW REQUEST:
Request line: null
Client IP: /127.0.0.1
Date: Mon Mar 22 22:20:42 CET 2021

NEW REQUEST:
Request line: null
Client IP: /127.0.0.1
Date: Mon Mar 22 22:21:42 CET 2021

NEW REQUEST:
Request line: GET /YourServlet.do? HTTP/1.1
Client IP: /127.0.0.1
Date: Mon Mar 22 22:32:19 CET 2021

NEW REQUEST:
Request line: GET /YourServlet.do?1%C2%BAnumber=1&2%C2%BAnumber=2&operator=sum HTTP/1.1
Client IP: /127.0.0.1
Date: Mon Mar 22 23:52:16 CET 2021
Error mensage: Internal Server Error

NEW REQUEST:
Request line: GET /YourServlet.do?1%C2%BAnumber=1&2%C2%BAnumber=2&operator=sum HTTP/1.1
Client IP: /127.0.0.1
Date: Mon Mar 22 23:53:25 CET 2021
Error mensage: Internal Server Error

NEW REQUEST:
Request line: GET /YourServlet.do?1number=1&2number=2&operator=sum HTTP/1.1
Client IP: /127.0.0.1
Date: Mon Mar 22 23:53:46 CET 2021

NEW REQUEST:
Request line: GET /YourServlet.do?1number=2&2number=4&operator=log HTTP/1.1
Client IP: /127.0.0.1
Date: Mon Mar 22 23:54:09 CET 2021

NEW REQUEST:
Request line: GET /YourServlet.do?1number=2&2number=4&operator=sub HTTP/1.1
Client IP: /127.0.0.1
Date: Mon Mar 22 23:54:34 CET 2021

